SF:lib\src\transactions\domain\entities\bank_transaction.dart
DA:9,2
DA:18,0
DA:19,0
DA:20,0
DA:21,0
DA:22,0
DA:23,0
DA:24,0
DA:25,0
DA:28,2
DA:29,1
DA:30,1
DA:31,1
DA:32,2
DA:33,1
DA:34,2
LF:16
LH:8
end_of_record
SF:lib\src\transactions\domain\usecases\add_bank_transaction.dart
DA:9,1
DA:11,1
DA:13,2
LF:3
LH:3
end_of_record
SF:lib\src\core\errors\failure.dart
DA:2,0
LF:1
LH:0
end_of_record
SF:lib\src\transactions\services\database_helper.dart
DA:18,1
DA:19,1
DA:20,2
DA:22,0
DA:23,0
DA:31,2
DA:34,1
DA:35,1
DA:36,1
DA:44,1
DA:46,1
DA:47,1
DA:57,1
DA:59,1
DA:60,1
DA:68,0
DA:70,0
DA:71,0
DA:79,1
DA:80,2
DA:84,1
DA:85,1
DA:86,3
DA:90,1
DA:91,3
DA:95,0
DA:96,0
DA:97,0
LF:28
LH:20
end_of_record
